{"/home/travis/build/npmtest/node-npmtest-rnpm/test.js":{"path":"/home/travis/build/npmtest/node-npmtest-rnpm/test.js","s":{"1":2,"2":2,"3":2,"4":2,"5":2,"6":2,"7":2,"8":1,"9":2,"10":2,"11":1,"12":1,"13":1,"14":1,"15":2,"16":2,"17":2,"18":2,"19":1,"20":1,"21":2,"22":2,"23":2,"24":1,"25":1,"26":1,"27":1,"28":1,"29":1,"30":1,"31":1,"32":1,"33":1,"34":1,"35":1,"36":1,"37":1,"38":1,"39":2,"40":2,"41":1,"42":2,"43":2,"44":1,"45":2,"46":2,"47":1,"48":2,"49":2,"50":1,"51":1,"52":1,"53":1,"54":1},"b":{"1":[2,1,1,1],"2":[1,1,1,1],"3":[1,1],"4":[1,1],"5":[1,1],"6":[1,1],"7":[1,1],"8":[1,1],"9":[1,1],"10":[1,1,1],"11":[1,1],"12":[1,1],"13":[1,1],"14":[1,1],"15":[1,1],"16":[1,1],"17":[1,1]},"f":{"1":2,"2":2,"3":2,"4":2,"5":2,"6":1,"7":1,"8":1,"9":2,"10":2,"11":2,"12":2,"13":1},"fnMap":{"1":{"name":"(anonymous_1)","line":12,"loc":{"start":{"line":12,"column":1},"end":{"line":12,"column":13}}},"2":{"name":"(anonymous_2)","line":19,"loc":{"start":{"line":19,"column":5},"end":{"line":19,"column":17}}},"3":{"name":"(anonymous_3)","line":23,"loc":{"start":{"line":23,"column":24},"end":{"line":23,"column":36}}},"4":{"name":"(anonymous_4)","line":61,"loc":{"start":{"line":61,"column":5},"end":{"line":61,"column":17}}},"5":{"name":"(anonymous_5)","line":82,"loc":{"start":{"line":82,"column":5},"end":{"line":82,"column":17}}},"6":{"name":"(anonymous_6)","line":91,"loc":{"start":{"line":91,"column":77},"end":{"line":94,"column":10}}},"7":{"name":"(anonymous_7)","line":112,"loc":{"start":{"line":112,"column":83},"end":{"line":115,"column":10}},"skip":true},"8":{"name":"(anonymous_8)","line":123,"loc":{"start":{"line":123,"column":77},"end":{"line":126,"column":10}},"skip":true},"9":{"name":"(anonymous_9)","line":139,"loc":{"start":{"line":139,"column":12},"end":{"line":139,"column":40}},"skip":true},"10":{"name":"(anonymous_10)","line":147,"loc":{"start":{"line":147,"column":77},"end":{"line":150,"column":10}},"skip":true},"11":{"name":"(anonymous_11)","line":158,"loc":{"start":{"line":158,"column":83},"end":{"line":161,"column":10}},"skip":true},"12":{"name":"(anonymous_12)","line":169,"loc":{"start":{"line":169,"column":79},"end":{"line":172,"column":10}},"skip":true},"13":{"name":"(anonymous_13)","line":180,"loc":{"start":{"line":180,"column":75},"end":{"line":183,"column":10}},"skip":true}},"statementMap":{"1":{"start":{"line":12,"column":0},"end":{"line":195,"column":5}},"2":{"start":{"line":14,"column":4},"end":{"line":14,"column":14}},"3":{"start":{"line":19,"column":4},"end":{"line":56,"column":9}},"4":{"start":{"line":21,"column":8},"end":{"line":21,"column":19}},"5":{"start":{"line":23,"column":8},"end":{"line":35,"column":13}},"6":{"start":{"line":24,"column":12},"end":{"line":34,"column":13}},"7":{"start":{"line":25,"column":16},"end":{"line":28,"column":30}},"8":{"start":{"line":30,"column":16},"end":{"line":33,"column":27}},"9":{"start":{"line":37,"column":8},"end":{"line":39,"column":21}},"10":{"start":{"line":40,"column":8},"end":{"line":53,"column":9}},"11":{"start":{"line":43,"column":12},"end":{"line":46,"column":14}},"12":{"start":{"line":47,"column":12},"end":{"line":47,"column":18}},"13":{"start":{"line":50,"column":12},"end":{"line":51,"column":33}},"14":{"start":{"line":52,"column":12},"end":{"line":52,"column":18}},"15":{"start":{"line":55,"column":8},"end":{"line":55,"column":35}},"16":{"start":{"line":61,"column":4},"end":{"line":63,"column":9}},"17":{"start":{"line":62,"column":8},"end":{"line":62,"column":15}},"18":{"start":{"line":64,"column":4},"end":{"line":77,"column":5}},"19":{"start":{"line":70,"column":8},"end":{"line":70,"column":14}},"20":{"start":{"line":76,"column":8},"end":{"line":76,"column":14}},"21":{"start":{"line":82,"column":4},"end":{"line":84,"column":9}},"22":{"start":{"line":83,"column":8},"end":{"line":83,"column":15}},"23":{"start":{"line":85,"column":4},"end":{"line":194,"column":5}},"24":{"start":{"line":91,"column":8},"end":{"line":99,"column":10}},"25":{"start":{"line":98,"column":12},"end":{"line":98,"column":35}},"26":{"start":{"line":102,"column":8},"end":{"line":104,"column":63}},"27":{"start":{"line":105,"column":8},"end":{"line":105,"column":14}},"28":{"start":{"line":112,"column":8},"end":{"line":121,"column":10},"skip":true},"29":{"start":{"line":119,"column":12},"end":{"line":119,"column":55},"skip":true},"30":{"start":{"line":120,"column":12},"end":{"line":120,"column":48},"skip":true},"31":{"start":{"line":123,"column":8},"end":{"line":136,"column":10},"skip":true},"32":{"start":{"line":130,"column":12},"end":{"line":130,"column":76},"skip":true},"33":{"start":{"line":131,"column":12},"end":{"line":131,"column":73},"skip":true},"34":{"start":{"line":132,"column":12},"end":{"line":132,"column":74},"skip":true},"35":{"start":{"line":133,"column":12},"end":{"line":133,"column":79},"skip":true},"36":{"start":{"line":134,"column":12},"end":{"line":134,"column":25},"skip":true},"37":{"start":{"line":135,"column":12},"end":{"line":135,"column":45},"skip":true},"38":{"start":{"line":138,"column":8},"end":{"line":145,"column":14},"skip":true},"39":{"start":{"line":143,"column":16},"end":{"line":143,"column":29},"skip":true},"40":{"start":{"line":144,"column":16},"end":{"line":144,"column":55},"skip":true},"41":{"start":{"line":147,"column":8},"end":{"line":156,"column":10},"skip":true},"42":{"start":{"line":154,"column":12},"end":{"line":154,"column":25},"skip":true},"43":{"start":{"line":155,"column":12},"end":{"line":155,"column":45},"skip":true},"44":{"start":{"line":158,"column":8},"end":{"line":167,"column":10},"skip":true},"45":{"start":{"line":165,"column":12},"end":{"line":165,"column":25},"skip":true},"46":{"start":{"line":166,"column":12},"end":{"line":166,"column":48},"skip":true},"47":{"start":{"line":169,"column":8},"end":{"line":178,"column":10},"skip":true},"48":{"start":{"line":176,"column":12},"end":{"line":176,"column":25},"skip":true},"49":{"start":{"line":177,"column":12},"end":{"line":177,"column":46},"skip":true},"50":{"start":{"line":180,"column":8},"end":{"line":189,"column":10},"skip":true},"51":{"start":{"line":187,"column":12},"end":{"line":187,"column":94},"skip":true},"52":{"start":{"line":188,"column":12},"end":{"line":188,"column":48},"skip":true},"53":{"start":{"line":192,"column":8},"end":{"line":192,"column":35},"skip":true},"54":{"start":{"line":193,"column":8},"end":{"line":193,"column":14},"skip":true}},"branchMap":{"1":{"line":25,"type":"binary-expr","locations":[{"start":{"line":25,"column":23},"end":{"line":25,"column":62}},{"start":{"line":26,"column":20},"end":{"line":26,"column":70}},{"start":{"line":27,"column":20},"end":{"line":27,"column":71}},{"start":{"line":28,"column":20},"end":{"line":28,"column":29}}]},"2":{"line":30,"type":"binary-expr","locations":[{"start":{"line":30,"column":23},"end":{"line":30,"column":37}},{"start":{"line":31,"column":20},"end":{"line":31,"column":61}},{"start":{"line":32,"column":20},"end":{"line":32,"column":70}},{"start":{"line":33,"column":20},"end":{"line":33,"column":26}}]},"3":{"line":37,"type":"cond-expr","locations":[{"start":{"line":38,"column":14},"end":{"line":38,"column":20}},{"start":{"line":39,"column":14},"end":{"line":39,"column":20}}]},"4":{"line":40,"type":"switch","locations":[{"start":{"line":42,"column":8},"end":{"line":47,"column":18}},{"start":{"line":49,"column":8},"end":{"line":52,"column":18}}]},"5":{"line":44,"type":"binary-expr","locations":[{"start":{"line":44,"column":16},"end":{"line":44,"column":44}},{"start":{"line":44,"column":48},"end":{"line":44,"column":66}}]},"6":{"line":50,"type":"binary-expr","locations":[{"start":{"line":50,"column":21},"end":{"line":50,"column":49}},{"start":{"line":50,"column":53},"end":{"line":50,"column":72}}]},"7":{"line":64,"type":"switch","locations":[{"start":{"line":69,"column":4},"end":{"line":70,"column":14}},{"start":{"line":75,"column":4},"end":{"line":76,"column":14}}]},"8":{"line":85,"type":"switch","locations":[{"start":{"line":90,"column":4},"end":{"line":105,"column":14}},{"start":{"line":111,"column":4},"end":{"line":193,"column":14},"skip":true}]},"9":{"line":91,"type":"binary-expr","locations":[{"start":{"line":91,"column":42},"end":{"line":91,"column":73}},{"start":{"line":91,"column":77},"end":{"line":99,"column":9}}]},"10":{"line":102,"type":"binary-expr","locations":[{"start":{"line":102,"column":18},"end":{"line":102,"column":32}},{"start":{"line":103,"column":12},"end":{"line":103,"column":53}},{"start":{"line":104,"column":12},"end":{"line":104,"column":61}}]},"11":{"line":112,"type":"binary-expr","locations":[{"start":{"line":112,"column":45},"end":{"line":112,"column":79},"skip":true},{"start":{"line":112,"column":83},"end":{"line":121,"column":9},"skip":true}]},"12":{"line":123,"type":"binary-expr","locations":[{"start":{"line":123,"column":42},"end":{"line":123,"column":73},"skip":true},{"start":{"line":123,"column":77},"end":{"line":136,"column":9},"skip":true}]},"13":{"line":138,"type":"binary-expr","locations":[{"start":{"line":138,"column":48},"end":{"line":138,"column":85},"skip":true},{"start":{"line":139,"column":12},"end":{"line":145,"column":13},"skip":true}]},"14":{"line":147,"type":"binary-expr","locations":[{"start":{"line":147,"column":42},"end":{"line":147,"column":73},"skip":true},{"start":{"line":147,"column":77},"end":{"line":156,"column":9},"skip":true}]},"15":{"line":158,"type":"binary-expr","locations":[{"start":{"line":158,"column":45},"end":{"line":158,"column":79},"skip":true},{"start":{"line":158,"column":83},"end":{"line":167,"column":9},"skip":true}]},"16":{"line":169,"type":"binary-expr","locations":[{"start":{"line":169,"column":43},"end":{"line":169,"column":75},"skip":true},{"start":{"line":169,"column":79},"end":{"line":178,"column":9},"skip":true}]},"17":{"line":180,"type":"binary-expr","locations":[{"start":{"line":180,"column":41},"end":{"line":180,"column":71},"skip":true},{"start":{"line":180,"column":75},"end":{"line":189,"column":9},"skip":true}]}},"code":["/* istanbul instrument in package npmtest_rnpm */","/*jslint","    bitwise: true,","    browser: true,","    maxerr: 8,","    maxlen: 96,","    node: true,","    nomen: true,","    regexp: true,","    stupid: true","*/","(function () {","    'use strict';","    var local;","","","","    // run shared js-env code - init-before","    (function () {","        // init local","        local = {};","        // init modeJs","        local.modeJs = (function () {","            try {","                return typeof navigator.userAgent === 'string' &&","                    typeof document.querySelector('body') === 'object' &&","                    typeof XMLHttpRequest.prototype.open === 'function' &&","                    'browser';","            } catch (errorCaughtBrowser) {","                return module.exports &&","                    typeof process.versions.node === 'string' &&","                    typeof require('http').createServer === 'function' &&","                    'node';","            }","        }());","        // init global","        local.global = local.modeJs === 'browser'","            ? window","            : global;","        switch (local.modeJs) {","        // re-init local from window.local","        case 'browser':","            local = local.global.utility2.objectSetDefault(","                local.global.utility2_rollup || local.global.local,","                local.global.utility2","            );","            break;","        // re-init local from example.js","        case 'node':","            local = (local.global.utility2_rollup || require('utility2'))","                .requireReadme();","            break;","        }","        // export local","        local.global.local = local;","    }());","","","","    // run shared js-env code - function","    (function () {","        return;","    }());","    switch (local.modeJs) {","","","","    // run browser js-env code - function","    case 'browser':","        break;","","","","    // run node js-env code - function","    case 'node':","        break;","    }","","","","    // run shared js-env code - init-after","    (function () {","        return;","    }());","    switch (local.modeJs) {","","","","    // run browser js-env code - init-after","    case 'browser':","        local.testCase_browser_nullCase = local.testCase_browser_nullCase || function (","            options,","            onError","        ) {","        /*","         * this function will test browsers's null-case handling-behavior-behavior","         */","            onError(null, options);","        };","","        // run tests","        local.nop(local.modeTest &&","            document.querySelector('#testRunButton1') &&","            document.querySelector('#testRunButton1').click());","        break;","","","","    // run node js-env code - init-after","    /* istanbul ignore next */","    case 'node':","        local.testCase_buildApidoc_default = local.testCase_buildApidoc_default || function (","            options,","            onError","        ) {","        /*","         * this function will test buildApidoc's default handling-behavior-behavior","         */","            options = { modulePathList: module.paths };","            local.buildApidoc(options, onError);","        };","","        local.testCase_buildApp_default = local.testCase_buildApp_default || function (","            options,","            onError","        ) {","        /*","         * this function will test buildApp's default handling-behavior-behavior","         */","            local.testCase_buildReadme_default(options, local.onErrorThrow);","            local.testCase_buildLib_default(options, local.onErrorThrow);","            local.testCase_buildTest_default(options, local.onErrorThrow);","            local.testCase_buildCustomOrg_default(options, local.onErrorThrow);","            options = [];","            local.buildApp(options, onError);","        };","","        local.testCase_buildCustomOrg_default = local.testCase_buildCustomOrg_default ||","            function (options, onError) {","            /*","             * this function will test buildCustomOrg's default handling-behavior","             */","                options = {};","                local.buildCustomOrg(options, onError);","            };","","        local.testCase_buildLib_default = local.testCase_buildLib_default || function (","            options,","            onError","        ) {","        /*","         * this function will test buildLib's default handling-behavior","         */","            options = {};","            local.buildLib(options, onError);","        };","","        local.testCase_buildReadme_default = local.testCase_buildReadme_default || function (","            options,","            onError","        ) {","        /*","         * this function will test buildReadme's default handling-behavior-behavior","         */","            options = {};","            local.buildReadme(options, onError);","        };","","        local.testCase_buildTest_default = local.testCase_buildTest_default || function (","            options,","            onError","        ) {","        /*","         * this function will test buildTest's default handling-behavior","         */","            options = {};","            local.buildTest(options, onError);","        };","","        local.testCase_webpage_default = local.testCase_webpage_default || function (","            options,","            onError","        ) {","        /*","         * this function will test webpage's default handling-behavior","         */","            options = { modeCoverageMerge: true, url: local.serverLocalHost + '?modeTest=1' };","            local.browserTest(options, onError);","        };","","        // run test-server","        local.testRunServer(local);","        break;","    }","}());",""],"l":{"12":2,"14":2,"19":2,"21":2,"23":2,"24":2,"25":2,"30":1,"37":2,"40":2,"43":1,"47":1,"50":1,"52":1,"55":2,"61":2,"62":2,"64":2,"70":1,"76":1,"82":2,"83":2,"85":2,"91":1,"98":1,"102":1,"105":1,"112":1,"119":1,"120":1,"123":1,"130":1,"131":1,"132":1,"133":1,"134":1,"135":1,"138":1,"143":2,"144":2,"147":1,"154":2,"155":2,"158":1,"165":2,"166":2,"169":1,"176":2,"177":2,"180":1,"187":1,"188":1,"192":1,"193":1}},"/home/travis/build/npmtest/node-npmtest-rnpm/lib.npmtest_rnpm.js":{"path":"/home/travis/build/npmtest/node-npmtest-rnpm/lib.npmtest_rnpm.js","s":{"1":2,"2":2,"3":2,"4":2,"5":2,"6":2,"7":2,"8":1,"9":2,"10":2,"11":2,"12":2,"13":1,"14":1,"15":1,"16":1},"b":{"1":[2,1,1,1],"2":[1,1,1,1],"3":[1,1],"4":[2,2],"5":[1,1]},"f":{"1":2,"2":2,"3":2},"fnMap":{"1":{"name":"(anonymous_1)","line":12,"loc":{"start":{"line":12,"column":1},"end":{"line":12,"column":13}}},"2":{"name":"(anonymous_2)","line":19,"loc":{"start":{"line":19,"column":5},"end":{"line":19,"column":17}}},"3":{"name":"(anonymous_3)","line":23,"loc":{"start":{"line":23,"column":24},"end":{"line":23,"column":36}}}},"statementMap":{"1":{"start":{"line":12,"column":0},"end":{"line":53,"column":5}},"2":{"start":{"line":14,"column":4},"end":{"line":14,"column":14}},"3":{"start":{"line":19,"column":4},"end":{"line":52,"column":9}},"4":{"start":{"line":21,"column":8},"end":{"line":21,"column":19}},"5":{"start":{"line":23,"column":8},"end":{"line":35,"column":13}},"6":{"start":{"line":24,"column":12},"end":{"line":34,"column":13}},"7":{"start":{"line":25,"column":16},"end":{"line":28,"column":30}},"8":{"start":{"line":30,"column":16},"end":{"line":33,"column":27}},"9":{"start":{"line":37,"column":8},"end":{"line":39,"column":21}},"10":{"start":{"line":41,"column":8},"end":{"line":41,"column":54}},"11":{"start":{"line":43,"column":8},"end":{"line":43,"column":49}},"12":{"start":{"line":45,"column":8},"end":{"line":51,"column":9}},"13":{"start":{"line":46,"column":12},"end":{"line":46,"column":55}},"14":{"start":{"line":48,"column":12},"end":{"line":48,"column":35}},"15":{"start":{"line":49,"column":12},"end":{"line":49,"column":49}},"16":{"start":{"line":50,"column":12},"end":{"line":50,"column":43}}},"branchMap":{"1":{"line":25,"type":"binary-expr","locations":[{"start":{"line":25,"column":23},"end":{"line":25,"column":62}},{"start":{"line":26,"column":20},"end":{"line":26,"column":70}},{"start":{"line":27,"column":20},"end":{"line":27,"column":71}},{"start":{"line":28,"column":20},"end":{"line":28,"column":29}}]},"2":{"line":30,"type":"binary-expr","locations":[{"start":{"line":30,"column":23},"end":{"line":30,"column":37}},{"start":{"line":31,"column":20},"end":{"line":31,"column":61}},{"start":{"line":32,"column":20},"end":{"line":32,"column":70}},{"start":{"line":33,"column":20},"end":{"line":33,"column":26}}]},"3":{"line":37,"type":"cond-expr","locations":[{"start":{"line":38,"column":14},"end":{"line":38,"column":20}},{"start":{"line":39,"column":14},"end":{"line":39,"column":20}}]},"4":{"line":41,"type":"binary-expr","locations":[{"start":{"line":41,"column":16},"end":{"line":41,"column":44}},{"start":{"line":41,"column":48},"end":{"line":41,"column":53}}]},"5":{"line":45,"type":"if","locations":[{"start":{"line":45,"column":8},"end":{"line":45,"column":8}},{"start":{"line":45,"column":8},"end":{"line":45,"column":8}}]}},"code":["/* istanbul instrument in package npmtest_rnpm */","/*jslint","    bitwise: true,","    browser: true,","    maxerr: 8,","    maxlen: 96,","    node: true,","    nomen: true,","    regexp: true,","    stupid: true","*/","(function () {","    'use strict';","    var local;","","","","    // run shared js-env code - init-before","    (function () {","        // init local","        local = {};","        // init modeJs","        local.modeJs = (function () {","            try {","                return typeof navigator.userAgent === 'string' &&","                    typeof document.querySelector('body') === 'object' &&","                    typeof XMLHttpRequest.prototype.open === 'function' &&","                    'browser';","            } catch (errorCaughtBrowser) {","                return module.exports &&","                    typeof process.versions.node === 'string' &&","                    typeof require('http').createServer === 'function' &&","                    'node';","            }","        }());","        // init global","        local.global = local.modeJs === 'browser'","            ? window","            : global;","        // init utility2_rollup","        local = local.global.utility2_rollup || local;","        // init lib","        local.local = local.npmtest_rnpm = local;","        // init exports","        if (local.modeJs === 'browser') {","            local.global.utility2_npmtest_rnpm = local;","        } else {","            module.exports = local;","            module.exports.__dirname = __dirname;","            module.exports.module = module;","        }","    }());","}());",""],"l":{"12":2,"14":2,"19":2,"21":2,"23":2,"24":2,"25":2,"30":1,"37":2,"41":2,"43":2,"45":2,"46":1,"48":1,"49":1,"50":1}},"/home/travis/build/npmtest/node-npmtest-rnpm/example.js":{"path":"/home/travis/build/npmtest/node-npmtest-rnpm/example.js","s":{"1":2,"2":2,"3":2,"4":2,"5":2,"6":2,"7":2,"8":1,"9":2,"10":2,"11":2,"12":2,"13":1,"14":2,"15":2,"16":2,"17":2,"18":2,"19":0,"20":2,"21":1,"22":1,"23":1,"24":1,"25":1,"26":0,"27":0,"28":1,"29":1,"30":2,"31":0,"32":0,"33":0,"34":1,"35":2,"36":2,"37":3,"38":3,"39":3,"40":3,"41":0,"42":3,"43":3,"44":3,"45":1,"46":3,"47":1,"48":1,"49":1,"50":1,"51":1,"52":1,"53":1,"54":1,"55":1,"56":1,"57":0,"58":1,"59":6,"60":6,"61":1,"62":2,"63":0,"64":2,"65":1,"66":1,"67":0,"68":0,"69":0,"70":0,"71":0,"72":0,"73":0,"74":0,"75":0,"76":0,"77":0,"78":0,"79":0,"80":0,"81":0,"82":0,"83":0},"b":{"1":[2,1,1,1],"2":[1,1,1,1],"3":[1,1],"4":[2,2],"5":[1,1],"6":[1,1],"7":[2,0],"8":[2,1,1,1,1,1],"9":[0,2,0],"10":[1,1],"11":[2,1,1],"12":[1,0],"13":[0,2],"14":[2,0,0,0,0,0,0],"15":[0,3],"16":[3,0],"17":[1,1],"18":[0,1],"19":[1,2,0,2],"20":[1,0],"21":[1,1],"22":[0,0],"23":[0,0],"24":[0,0],"25":[0,0],"26":[0,0],"27":[0,0],"28":[0,0]},"f":{"1":2,"2":2,"3":2,"4":2,"5":2,"6":2,"7":3,"8":3,"9":3,"10":1,"11":6,"12":0},"fnMap":{"1":{"name":"(anonymous_1)","line":26,"loc":{"start":{"line":26,"column":1},"end":{"line":26,"column":13}}},"2":{"name":"(anonymous_2)","line":33,"loc":{"start":{"line":33,"column":5},"end":{"line":33,"column":17}}},"3":{"name":"(anonymous_3)","line":37,"loc":{"start":{"line":37,"column":24},"end":{"line":37,"column":36}}},"4":{"name":"(anonymous_4)","line":69,"loc":{"start":{"line":69,"column":31},"end":{"line":69,"column":48}},"skip":true},"5":{"name":"(anonymous_5)","line":78,"loc":{"start":{"line":78,"column":26},"end":{"line":78,"column":45}},"skip":true},"6":{"name":"(anonymous_6)","line":123,"loc":{"start":{"line":123,"column":33},"end":{"line":123,"column":48}},"skip":true},"7":{"name":"(anonymous_7)","line":125,"loc":{"start":{"line":125,"column":27},"end":{"line":125,"column":39}},"skip":true},"8":{"name":"(anonymous_8)","line":133,"loc":{"start":{"line":133,"column":59},"end":{"line":133,"column":74}},"skip":true},"9":{"name":"(anonymous_9)","line":143,"loc":{"start":{"line":143,"column":45},"end":{"line":143,"column":62}},"skip":true},"10":{"name":"(anonymous_10)","line":144,"loc":{"start":{"line":144,"column":73},"end":{"line":144,"column":92}},"skip":true},"11":{"name":"(anonymous_11)","line":272,"loc":{"start":{"line":272,"column":51},"end":{"line":272,"column":77}},"skip":true},"12":{"name":"(anonymous_12)","line":315,"loc":{"start":{"line":315,"column":32},"end":{"line":315,"column":61}},"skip":true}},"statementMap":{"1":{"start":{"line":26,"column":0},"end":{"line":326,"column":5}},"2":{"start":{"line":28,"column":4},"end":{"line":28,"column":14}},"3":{"start":{"line":33,"column":4},"end":{"line":60,"column":9}},"4":{"start":{"line":35,"column":8},"end":{"line":35,"column":19}},"5":{"start":{"line":37,"column":8},"end":{"line":49,"column":13}},"6":{"start":{"line":38,"column":12},"end":{"line":48,"column":13}},"7":{"start":{"line":39,"column":16},"end":{"line":42,"column":30}},"8":{"start":{"line":44,"column":16},"end":{"line":47,"column":27}},"9":{"start":{"line":51,"column":8},"end":{"line":53,"column":21}},"10":{"start":{"line":55,"column":8},"end":{"line":57,"column":45}},"11":{"start":{"line":59,"column":8},"end":{"line":59,"column":35}},"12":{"start":{"line":61,"column":4},"end":{"line":325,"column":5}},"13":{"start":{"line":69,"column":8},"end":{"line":121,"column":10},"skip":true},"14":{"start":{"line":70,"column":12},"end":{"line":88,"column":13},"skip":true},"15":{"start":{"line":76,"column":16},"end":{"line":87,"column":19},"skip":true},"16":{"start":{"line":79,"column":20},"end":{"line":86,"column":21},"skip":true},"17":{"start":{"line":82,"column":24},"end":{"line":82,"column":43},"skip":true},"18":{"start":{"line":83,"column":24},"end":{"line":83,"column":30},"skip":true},"19":{"start":{"line":85,"column":24},"end":{"line":85,"column":49},"skip":true},"20":{"start":{"line":89,"column":12},"end":{"line":107,"column":13},"skip":true},"21":{"start":{"line":92,"column":16},"end":{"line":102,"column":17},"skip":true},"22":{"start":{"line":93,"column":20},"end":{"line":93,"column":86},"skip":true},"23":{"start":{"line":94,"column":20},"end":{"line":95,"column":45},"skip":true},"24":{"start":{"line":96,"column":20},"end":{"line":96,"column":42},"skip":true},"25":{"start":{"line":97,"column":20},"end":{"line":97,"column":48},"skip":true},"26":{"start":{"line":100,"column":20},"end":{"line":100,"column":85},"skip":true},"27":{"start":{"line":101,"column":20},"end":{"line":101,"column":96},"skip":true},"28":{"start":{"line":103,"column":16},"end":{"line":103,"column":22},"skip":true},"29":{"start":{"line":106,"column":16},"end":{"line":106,"column":22},"skip":true},"30":{"start":{"line":108,"column":12},"end":{"line":120,"column":13},"skip":true},"31":{"start":{"line":114,"column":16},"end":{"line":119,"column":17},"skip":true},"32":{"start":{"line":116,"column":20},"end":{"line":116,"column":78},"skip":true},"33":{"start":{"line":118,"column":20},"end":{"line":118,"column":47},"skip":true},"34":{"start":{"line":123,"column":8},"end":{"line":141,"column":11},"skip":true},"35":{"start":{"line":124,"column":12},"end":{"line":124,"column":54},"skip":true},"36":{"start":{"line":125,"column":12},"end":{"line":140,"column":14},"skip":true},"37":{"start":{"line":126,"column":16},"end":{"line":126,"column":28},"skip":true},"38":{"start":{"line":127,"column":16},"end":{"line":127,"column":69},"skip":true},"39":{"start":{"line":128,"column":16},"end":{"line":128,"column":75},"skip":true},"40":{"start":{"line":129,"column":16},"end":{"line":131,"column":17},"skip":true},"41":{"start":{"line":130,"column":20},"end":{"line":130,"column":27},"skip":true},"42":{"start":{"line":133,"column":16},"end":{"line":137,"column":36},"skip":true},"43":{"start":{"line":134,"column":20},"end":{"line":136,"column":55},"skip":true},"44":{"start":{"line":139,"column":16},"end":{"line":139,"column":57},"skip":true},"45":{"start":{"line":143,"column":8},"end":{"line":147,"column":11},"skip":true},"46":{"start":{"line":144,"column":12},"end":{"line":146,"column":15},"skip":true},"47":{"start":{"line":145,"column":16},"end":{"line":145,"column":70},"skip":true},"48":{"start":{"line":149,"column":8},"end":{"line":149,"column":31},"skip":true},"49":{"start":{"line":150,"column":8},"end":{"line":150,"column":14},"skip":true},"50":{"start":{"line":158,"column":8},"end":{"line":158,"column":31},"skip":true},"51":{"start":{"line":160,"column":8},"end":{"line":160,"column":33},"skip":true},"52":{"start":{"line":161,"column":8},"end":{"line":161,"column":37},"skip":true},"53":{"start":{"line":162,"column":8},"end":{"line":162,"column":35},"skip":true},"54":{"start":{"line":164,"column":8},"end":{"line":164,"column":50},"skip":true},"55":{"start":{"line":166,"column":8},"end":{"line":256,"column":2},"skip":true},"56":{"start":{"line":258,"column":8},"end":{"line":286,"column":9},"skip":true},"57":{"start":{"line":259,"column":12},"end":{"line":269,"column":14},"skip":true},"58":{"start":{"line":271,"column":12},"end":{"line":285,"column":19},"skip":true},"59":{"start":{"line":274,"column":20},"end":{"line":274,"column":35},"skip":true},"60":{"start":{"line":275,"column":20},"end":{"line":284,"column":21},"skip":true},"61":{"start":{"line":277,"column":24},"end":{"line":277,"column":64},"skip":true},"62":{"start":{"line":279,"column":24},"end":{"line":279,"column":40},"skip":true},"63":{"start":{"line":281,"column":24},"end":{"line":281,"column":40},"skip":true},"64":{"start":{"line":283,"column":24},"end":{"line":283,"column":39},"skip":true},"65":{"start":{"line":288,"column":8},"end":{"line":290,"column":9},"skip":true},"66":{"start":{"line":289,"column":12},"end":{"line":289,"column":18},"skip":true},"67":{"start":{"line":291,"column":8},"end":{"line":293,"column":54},"skip":true},"68":{"start":{"line":296,"column":8},"end":{"line":301,"column":37},"skip":true},"69":{"start":{"line":303,"column":8},"end":{"line":303,"column":82},"skip":true},"70":{"start":{"line":306,"column":8},"end":{"line":308,"column":9},"skip":true},"71":{"start":{"line":307,"column":12},"end":{"line":307,"column":82},"skip":true},"72":{"start":{"line":310,"column":8},"end":{"line":312,"column":9},"skip":true},"73":{"start":{"line":311,"column":12},"end":{"line":311,"column":18},"skip":true},"74":{"start":{"line":313,"column":8},"end":{"line":313,"column":54},"skip":true},"75":{"start":{"line":314,"column":8},"end":{"line":314,"column":69},"skip":true},"76":{"start":{"line":315,"column":8},"end":{"line":323,"column":36},"skip":true},"77":{"start":{"line":316,"column":12},"end":{"line":316,"column":61},"skip":true},"78":{"start":{"line":317,"column":12},"end":{"line":320,"column":13},"skip":true},"79":{"start":{"line":318,"column":16},"end":{"line":318,"column":75},"skip":true},"80":{"start":{"line":319,"column":16},"end":{"line":319,"column":23},"skip":true},"81":{"start":{"line":321,"column":12},"end":{"line":321,"column":38},"skip":true},"82":{"start":{"line":322,"column":12},"end":{"line":322,"column":27},"skip":true},"83":{"start":{"line":324,"column":8},"end":{"line":324,"column":14},"skip":true}},"branchMap":{"1":{"line":39,"type":"binary-expr","locations":[{"start":{"line":39,"column":23},"end":{"line":39,"column":62}},{"start":{"line":40,"column":20},"end":{"line":40,"column":70}},{"start":{"line":41,"column":20},"end":{"line":41,"column":71}},{"start":{"line":42,"column":20},"end":{"line":42,"column":29}}]},"2":{"line":44,"type":"binary-expr","locations":[{"start":{"line":44,"column":23},"end":{"line":44,"column":37}},{"start":{"line":45,"column":20},"end":{"line":45,"column":61}},{"start":{"line":46,"column":20},"end":{"line":46,"column":70}},{"start":{"line":47,"column":20},"end":{"line":47,"column":26}}]},"3":{"line":51,"type":"cond-expr","locations":[{"start":{"line":52,"column":14},"end":{"line":52,"column":20}},{"start":{"line":53,"column":14},"end":{"line":53,"column":20}}]},"4":{"line":55,"type":"binary-expr","locations":[{"start":{"line":55,"column":16},"end":{"line":55,"column":44}},{"start":{"line":55,"column":49},"end":{"line":57,"column":43}}]},"5":{"line":55,"type":"cond-expr","locations":[{"start":{"line":56,"column":14},"end":{"line":56,"column":48}},{"start":{"line":57,"column":14},"end":{"line":57,"column":43}}]},"6":{"line":61,"type":"switch","locations":[{"start":{"line":68,"column":4},"end":{"line":150,"column":14},"skip":true},{"start":{"line":156,"column":4},"end":{"line":324,"column":14},"skip":true}]},"7":{"line":70,"type":"if","locations":[{"start":{"line":70,"column":12},"end":{"line":70,"column":12},"skip":true},{"start":{"line":70,"column":12},"end":{"line":70,"column":12},"skip":true}]},"8":{"line":70,"type":"binary-expr","locations":[{"start":{"line":70,"column":16},"end":{"line":70,"column":22},"skip":true},{"start":{"line":70,"column":27},"end":{"line":70,"column":32},"skip":true},{"start":{"line":71,"column":20},"end":{"line":71,"column":39},"skip":true},{"start":{"line":72,"column":20},"end":{"line":72,"column":49},"skip":true},{"start":{"line":73,"column":20},"end":{"line":73,"column":58},"skip":true},{"start":{"line":74,"column":20},"end":{"line":74,"column":69},"skip":true}]},"9":{"line":79,"type":"switch","locations":[{"start":{"line":80,"column":20},"end":{"line":80,"column":33},"skip":true},{"start":{"line":81,"column":20},"end":{"line":83,"column":30},"skip":true},{"start":{"line":84,"column":20},"end":{"line":85,"column":49},"skip":true}]},"10":{"line":89,"type":"switch","locations":[{"start":{"line":90,"column":12},"end":{"line":103,"column":22},"skip":true},{"start":{"line":105,"column":12},"end":{"line":106,"column":22},"skip":true}]},"11":{"line":89,"type":"binary-expr","locations":[{"start":{"line":89,"column":20},"end":{"line":89,"column":25},"skip":true},{"start":{"line":89,"column":29},"end":{"line":89,"column":48},"skip":true},{"start":{"line":89,"column":52},"end":{"line":89,"column":74},"skip":true}]},"12":{"line":92,"type":"if","locations":[{"start":{"line":92,"column":16},"end":{"line":92,"column":16},"skip":true},{"start":{"line":92,"column":16},"end":{"line":92,"column":16},"skip":true}]},"13":{"line":108,"type":"if","locations":[{"start":{"line":108,"column":12},"end":{"line":108,"column":12},"skip":true},{"start":{"line":108,"column":12},"end":{"line":108,"column":12},"skip":true}]},"14":{"line":108,"type":"binary-expr","locations":[{"start":{"line":108,"column":16},"end":{"line":108,"column":61},"skip":true},{"start":{"line":108,"column":66},"end":{"line":108,"column":72},"skip":true},{"start":{"line":108,"column":77},"end":{"line":108,"column":82},"skip":true},{"start":{"line":109,"column":20},"end":{"line":109,"column":39},"skip":true},{"start":{"line":110,"column":20},"end":{"line":110,"column":49},"skip":true},{"start":{"line":111,"column":20},"end":{"line":111,"column":58},"skip":true},{"start":{"line":112,"column":20},"end":{"line":112,"column":68},"skip":true}]},"15":{"line":129,"type":"if","locations":[{"start":{"line":129,"column":16},"end":{"line":129,"column":16},"skip":true},{"start":{"line":129,"column":16},"end":{"line":129,"column":16},"skip":true}]},"16":{"line":134,"type":"cond-expr","locations":[{"start":{"line":135,"column":26},"end":{"line":135,"column":29},"skip":true},{"start":{"line":136,"column":26},"end":{"line":136,"column":54},"skip":true}]},"17":{"line":164,"type":"binary-expr","locations":[{"start":{"line":164,"column":27},"end":{"line":164,"column":43},"skip":true},{"start":{"line":164,"column":47},"end":{"line":164,"column":49},"skip":true}]},"18":{"line":258,"type":"if","locations":[{"start":{"line":258,"column":8},"end":{"line":258,"column":8},"skip":true},{"start":{"line":258,"column":8},"end":{"line":258,"column":8},"skip":true}]},"19":{"line":275,"type":"switch","locations":[{"start":{"line":276,"column":20},"end":{"line":277,"column":64},"skip":true},{"start":{"line":278,"column":20},"end":{"line":279,"column":40},"skip":true},{"start":{"line":280,"column":20},"end":{"line":281,"column":40},"skip":true},{"start":{"line":282,"column":20},"end":{"line":283,"column":39},"skip":true}]},"20":{"line":288,"type":"if","locations":[{"start":{"line":288,"column":8},"end":{"line":288,"column":8},"skip":true},{"start":{"line":288,"column":8},"end":{"line":288,"column":8},"skip":true}]},"21":{"line":288,"type":"binary-expr","locations":[{"start":{"line":288,"column":12},"end":{"line":288,"column":40},"skip":true},{"start":{"line":288,"column":44},"end":{"line":288,"column":67},"skip":true}]},"22":{"line":292,"type":"binary-expr","locations":[{"start":{"line":292,"column":12},"end":{"line":292,"column":50},"skip":true},{"start":{"line":293,"column":12},"end":{"line":293,"column":53},"skip":true}]},"23":{"line":297,"type":"binary-expr","locations":[{"start":{"line":297,"column":12},"end":{"line":297,"column":62},"skip":true},{"start":{"line":298,"column":12},"end":{"line":301,"column":36},"skip":true}]},"24":{"line":303,"type":"binary-expr","locations":[{"start":{"line":303,"column":43},"end":{"line":303,"column":75},"skip":true},{"start":{"line":303,"column":79},"end":{"line":303,"column":81},"skip":true}]},"25":{"line":306,"type":"if","locations":[{"start":{"line":306,"column":8},"end":{"line":306,"column":8},"skip":true},{"start":{"line":306,"column":8},"end":{"line":306,"column":8},"skip":true}]},"26":{"line":310,"type":"if","locations":[{"start":{"line":310,"column":8},"end":{"line":310,"column":8},"skip":true},{"start":{"line":310,"column":8},"end":{"line":310,"column":8},"skip":true}]},"27":{"line":313,"type":"binary-expr","locations":[{"start":{"line":313,"column":27},"end":{"line":313,"column":43},"skip":true},{"start":{"line":313,"column":47},"end":{"line":313,"column":53},"skip":true}]},"28":{"line":317,"type":"if","locations":[{"start":{"line":317,"column":12},"end":{"line":317,"column":12},"skip":true},{"start":{"line":317,"column":12},"end":{"line":317,"column":12},"skip":true}]}},"code":["/*","example.js","","quickstart example","","instruction","    1. save this script as example.js","    2. run the shell command:","        $ npm install npmtest-rnpm && PORT=8081 node example.js","    3. play with the browser-demo on http://127.0.0.1:8081","*/","","","","/* istanbul instrument in package npmtest_rnpm */","/*jslint","    bitwise: true,","    browser: true,","    maxerr: 8,","    maxlen: 96,","    node: true,","    nomen: true,","    regexp: true,","    stupid: true","*/","(function () {","    'use strict';","    var local;","","","","    // run shared js-env code - init-before","    (function () {","        // init local","        local = {};","        // init modeJs","        local.modeJs = (function () {","            try {","                return typeof navigator.userAgent === 'string' &&","                    typeof document.querySelector('body') === 'object' &&","                    typeof XMLHttpRequest.prototype.open === 'function' &&","                    'browser';","            } catch (errorCaughtBrowser) {","                return module.exports &&","                    typeof process.versions.node === 'string' &&","                    typeof require('http').createServer === 'function' &&","                    'node';","            }","        }());","        // init global","        local.global = local.modeJs === 'browser'","            ? window","            : global;","        // init utility2_rollup","        local = local.global.utility2_rollup || (local.modeJs === 'browser'","            ? local.global.utility2_npmtest_rnpm","            : global.utility2_moduleExports);","        // export local","        local.global.local = local;","    }());","    switch (local.modeJs) {","","","","    // init-after","    // run browser js-env code - init-after","    /* istanbul ignore next */","    case 'browser':","        local.testRunBrowser = function (event) {","            if (!event || (event &&","                    event.currentTarget &&","                    event.currentTarget.className &&","                    event.currentTarget.className.includes &&","                    event.currentTarget.className.includes('onreset'))) {","                // reset output","                Array.from(","                    document.querySelectorAll('body > .resettable')","                ).forEach(function (element) {","                    switch (element.tagName) {","                    case 'INPUT':","                    case 'TEXTAREA':","                        element.value = '';","                        break;","                    default:","                        element.textContent = '';","                    }","                });","            }","            switch (event && event.currentTarget && event.currentTarget.id) {","            case 'testRunButton1':","                // show tests","                if (document.querySelector('#testReportDiv1').style.display === 'none') {","                    document.querySelector('#testReportDiv1').style.display = 'block';","                    document.querySelector('#testRunButton1').textContent =","                        'hide internal test';","                    local.modeTest = true;","                    local.testRunDefault(local);","                // hide tests","                } else {","                    document.querySelector('#testReportDiv1').style.display = 'none';","                    document.querySelector('#testRunButton1').textContent = 'run internal test';","                }","                break;","            // custom-case","            default:","                break;","            }","            if (document.querySelector('#inputTextareaEval1') && (!event || (event &&","                    event.currentTarget &&","                    event.currentTarget.className &&","                    event.currentTarget.className.includes &&","                    event.currentTarget.className.includes('oneval')))) {","                // try to eval input-code","                try {","                    /*jslint evil: true*/","                    eval(document.querySelector('#inputTextareaEval1').value);","                } catch (errorCaught) {","                    console.error(errorCaught);","                }","            }","        };","        // log stderr and stdout to #outputTextareaStdout1","        ['error', 'log'].forEach(function (key) {","            console[key + '_original'] = console[key];","            console[key] = function () {","                var element;","                console[key + '_original'].apply(console, arguments);","                element = document.querySelector('#outputTextareaStdout1');","                if (!element) {","                    return;","                }","                // append text to #outputTextareaStdout1","                element.value += Array.from(arguments).map(function (arg) {","                    return typeof arg === 'string'","                        ? arg","                        : JSON.stringify(arg, null, 4);","                }).join(' ') + '\\n';","                // scroll textarea to bottom","                element.scrollTop = element.scrollHeight;","            };","        });","        // init event-handling","        ['change', 'click', 'keyup'].forEach(function (event) {","            Array.from(document.querySelectorAll('.on' + event)).forEach(function (element) {","                element.addEventListener(event, local.testRunBrowser);","            });","        });","        // run tests","        local.testRunBrowser();","        break;","","","","    // run node js-env code - init-after","    /* istanbul ignore next */","    case 'node':","        // export local","        module.exports = local;","        // require modules","        local.fs = require('fs');","        local.http = require('http');","        local.url = require('url');","        // init assets","        local.assetsDict = local.assetsDict || {};","        /* jslint-ignore-begin */","        local.assetsDict['/assets.index.template.html'] = '\\","<!doctype html>\\n\\","<html lang=\"en\">\\n\\","<head>\\n\\","<meta charset=\"UTF-8\">\\n\\","<meta name=\"viewport\" content=\"width=device-width, initial-scale=1\">\\n\\","<title>{{env.npm_package_name}} (v{{env.npm_package_version}})</title>\\n\\","<style>\\n\\","/*csslint\\n\\","    box-sizing: false,\\n\\","    universal-selector: false\\n\\","*/\\n\\","* {\\n\\","    box-sizing: border-box;\\n\\","}\\n\\","body {\\n\\","    background: #dde;\\n\\","    font-family: Arial, Helvetica, sans-serif;\\n\\","    margin: 2rem;\\n\\","}\\n\\","body > * {\\n\\","    margin-bottom: 1rem;\\n\\","}\\n\\",".utility2FooterDiv {\\n\\","    margin-top: 20px;\\n\\","    text-align: center;\\n\\","}\\n\\","</style>\\n\\","<style>\\n\\","/*csslint\\n\\","*/\\n\\","textarea {\\n\\","    font-family: monospace;\\n\\","    height: 10rem;\\n\\","    width: 100%;\\n\\","}\\n\\","textarea[readonly] {\\n\\","    background: #ddd;\\n\\","}\\n\\","</style>\\n\\","</head>\\n\\","<body>\\n\\","<!-- utility2-comment\\n\\","<div id=\"ajaxProgressDiv1\" style=\"background: #d00; height: 2px; left: 0; margin: 0; padding: 0; position: fixed; top: 0; transition: background 0.5s, width 1.5s; width: 25%;\"></div>\\n\\","utility2-comment -->\\n\\","<h1>\\n\\","<!-- utility2-comment\\n\\","    <a\\n\\","        {{#if env.npm_package_homepage}}\\n\\","        href=\"{{env.npm_package_homepage}}\"\\n\\","        {{/if env.npm_package_homepage}}\\n\\","        target=\"_blank\"\\n\\","    >\\n\\","utility2-comment -->\\n\\","        {{env.npm_package_name}} (v{{env.npm_package_version}})\\n\\","<!-- utility2-comment\\n\\","    </a>\\n\\","utility2-comment -->\\n\\","</h1>\\n\\","<h3>{{env.npm_package_description}}</h3>\\n\\","<!-- utility2-comment\\n\\","<h4><a download href=\"assets.app.js\">download standalone app</a></h4>\\n\\","<button class=\"onclick onreset\" id=\"testRunButton1\">run internal test</button><br>\\n\\","<div id=\"testReportDiv1\" style=\"display: none;\"></div>\\n\\","utility2-comment -->\\n\\","\\n\\","\\n\\","\\n\\","<label>stderr and stdout</label>\\n\\","<textarea class=\"resettable\" id=\"outputTextareaStdout1\" readonly></textarea>\\n\\","<!-- utility2-comment\\n\\","{{#if isRollup}}\\n\\","<script src=\"assets.app.js\"></script>\\n\\","{{#unless isRollup}}\\n\\","utility2-comment -->\\n\\","<script src=\"assets.utility2.rollup.js\"></script>\\n\\","<script src=\"jsonp.utility2._stateInit?callback=window.utility2._stateInit\"></script>\\n\\","<script src=\"assets.npmtest_rnpm.rollup.js\"></script>\\n\\","<script src=\"assets.example.js\"></script>\\n\\","<script src=\"assets.test.js\"></script>\\n\\","<!-- utility2-comment\\n\\","{{/if isRollup}}\\n\\","utility2-comment -->\\n\\","<div class=\"utility2FooterDiv\">\\n\\","    [ this app was created with\\n\\","    <a href=\"https://github.com/kaizhu256/node-utility2\" target=\"_blank\">utility2</a>\\n\\","    ]\\n\\","</div>\\n\\","</body>\\n\\","</html>\\n\\","';","        /* jslint-ignore-end */","        if (local.templateRender) {","            local.assetsDict['/'] = local.templateRender(","                local.assetsDict['/assets.index.template.html'],","                {","                    env: local.objectSetDefault(local.env, {","                        npm_package_description: 'the greatest app in the world!',","                        npm_package_name: 'my-app',","                        npm_package_nameAlias: 'my_app',","                        npm_package_version: '0.0.1'","                    })","                }","            );","        } else {","            local.assetsDict['/'] = local.assetsDict['/assets.index.template.html']","                .replace((/\\{\\{env\\.(\\w+?)\\}\\}/g), function (match0, match1) {","                    // jslint-hack","                    String(match0);","                    switch (match1) {","                    case 'npm_package_description':","                        return 'the greatest app in the world!';","                    case 'npm_package_name':","                        return 'my-app';","                    case 'npm_package_nameAlias':","                        return 'my_app';","                    case 'npm_package_version':","                        return '0.0.1';","                    }","                });","        }","        // run the cli","        if (local.global.utility2_rollup || module !== require.main) {","            break;","        }","        local.assetsDict['/assets.example.js'] =","            local.assetsDict['/assets.example.js'] ||","            local.fs.readFileSync(__filename, 'utf8');","        // bug-workaround - long $npm_package_buildCustomOrg","        /* jslint-ignore-begin */","        local.assetsDict['/assets.npmtest_rnpm.rollup.js'] =","            local.assetsDict['/assets.npmtest_rnpm.rollup.js'] ||","            local.fs.readFileSync(","                local.npmtest_rnpm.__dirname + '/lib.npmtest_rnpm.js',","                'utf8'","            ).replace((/^#!/), '//');","        /* jslint-ignore-end */","        local.assetsDict['/favicon.ico'] = local.assetsDict['/favicon.ico'] || '';","        // if $npm_config_timeout_exit exists,","        // then exit this process after $npm_config_timeout_exit ms","        if (Number(process.env.npm_config_timeout_exit)) {","            setTimeout(process.exit, Number(process.env.npm_config_timeout_exit));","        }","        // start server","        if (local.global.utility2_serverHttp1) {","            break;","        }","        process.env.PORT = process.env.PORT || '8081';","        console.error('server starting on port ' + process.env.PORT);","        local.http.createServer(function (request, response) {","            request.urlParsed = local.url.parse(request.url);","            if (local.assetsDict[request.urlParsed.pathname] !== undefined) {","                response.end(local.assetsDict[request.urlParsed.pathname]);","                return;","            }","            response.statusCode = 404;","            response.end();","        }).listen(process.env.PORT);","        break;","    }","}());",""],"l":{"26":2,"28":2,"33":2,"35":2,"37":2,"38":2,"39":2,"44":1,"51":2,"55":2,"59":2,"61":2,"69":1,"70":2,"76":2,"79":2,"82":2,"83":2,"85":1,"89":2,"92":1,"93":1,"94":1,"96":1,"97":1,"100":1,"101":1,"103":1,"106":1,"108":2,"114":1,"116":1,"118":1,"123":1,"124":2,"125":2,"126":3,"127":3,"128":3,"129":3,"130":1,"133":3,"134":3,"139":3,"143":1,"144":3,"145":1,"149":1,"150":1,"158":1,"160":1,"161":1,"162":1,"164":1,"166":1,"258":1,"259":1,"271":1,"274":6,"275":6,"277":1,"279":2,"281":1,"283":2,"288":1,"289":1,"291":1,"296":1,"303":1,"306":1,"307":1,"310":1,"311":1,"313":1,"314":1,"315":1,"316":1,"317":1,"318":1,"319":1,"321":1,"322":1,"324":1}},"/home/travis/build/npmtest/node-npmtest-rnpm/node_modules/rnpm/src/getCommands.js":{"path":"/home/travis/build/npmtest/node-npmtest-rnpm/node_modules/rnpm/src/getCommands.js","s":{"1":1,"2":1,"3":1,"4":1,"5":1,"6":1,"7":0,"8":0,"9":0,"10":0},"b":{},"f":{"1":0},"fnMap":{"1":{"name":"getCommands","line":10,"loc":{"start":{"line":10,"column":17},"end":{"line":10,"column":40}}}},"statementMap":{"1":{"start":{"line":1,"column":0},"end":{"line":1,"column":29}},"2":{"start":{"line":2,"column":0},"end":{"line":2,"column":25}},"3":{"start":{"line":3,"column":0},"end":{"line":3,"column":36}},"4":{"start":{"line":4,"column":0},"end":{"line":4,"column":50}},"5":{"start":{"line":5,"column":0},"end":{"line":5,"column":45}},"6":{"start":{"line":10,"column":0},"end":{"line":20,"column":2}},"7":{"start":{"line":11,"column":2},"end":{"line":11,"column":46}},"8":{"start":{"line":12,"column":2},"end":{"line":12,"column":32}},"9":{"start":{"line":14,"column":2},"end":{"line":19,"column":12}},"10":{"start":{"line":17,"column":41},"end":{"line":17,"column":90}}},"branchMap":{},"code":["const path = require('path');","const fs = require('fs');","const uniq = require('lodash').uniq;","const flattenDeep = require('lodash').flattenDeep;","const findPlugins = require('./findPlugins');","","/**"," * @return {Array} Array of commands"," */","module.exports = function getCommands() {","  const rnpmRoot = path.join(__dirname, '..');","  const appRoot = process.cwd();","","  return uniq(","    flattenDeep([","      findPlugins([rnpmRoot]).map(require),","      findPlugins([appRoot]).map(name => require(path.join(appRoot, 'node_modules', name))),","    ])","  , 'name');","};",""],"l":{"1":1,"2":1,"3":1,"4":1,"5":1,"10":1,"11":0,"12":0,"14":0,"17":0}},"/home/travis/build/npmtest/node-npmtest-rnpm/node_modules/rnpm/src/findPlugins.js":{"path":"/home/travis/build/npmtest/node-npmtest-rnpm/node_modules/rnpm/src/findPlugins.js","s":{"1":1,"2":1,"3":1,"4":1,"5":1,"6":1,"7":0,"8":1,"9":0,"10":0,"11":0,"12":0,"13":0,"14":0,"15":1,"16":0},"b":{"1":[0,0],"2":[0,0]},"f":{"1":0},"fnMap":{"1":{"name":"findPlugins","line":35,"loc":{"start":{"line":35,"column":17},"end":{"line":35,"column":47}}}},"statementMap":{"1":{"start":{"line":1,"column":0},"end":{"line":1,"column":29}},"2":{"start":{"line":2,"column":0},"end":{"line":2,"column":25}},"3":{"start":{"line":3,"column":0},"end":{"line":3,"column":38}},"4":{"start":{"line":4,"column":0},"end":{"line":4,"column":36}},"5":{"start":{"line":5,"column":0},"end":{"line":5,"column":42}},"6":{"start":{"line":12,"column":0},"end":{"line":12,"column":71}},"7":{"start":{"line":12,"column":33},"end":{"line":12,"column":70}},"8":{"start":{"line":14,"column":0},"end":{"line":28,"column":2}},"9":{"start":{"line":15,"column":2},"end":{"line":15,"column":12}},"10":{"start":{"line":16,"column":2},"end":{"line":20,"column":3}},"11":{"start":{"line":17,"column":4},"end":{"line":17,"column":55}},"12":{"start":{"line":19,"column":4},"end":{"line":19,"column":14}},"13":{"start":{"line":22,"column":2},"end":{"line":25,"column":4}},"14":{"start":{"line":27,"column":2},"end":{"line":27,"column":31}},"15":{"start":{"line":35,"column":0},"end":{"line":37,"column":2}},"16":{"start":{"line":36,"column":2},"end":{"line":36,"column":56}}},"branchMap":{"1":{"line":23,"type":"binary-expr","locations":[{"start":{"line":23,"column":16},"end":{"line":23,"column":34}},{"start":{"line":23,"column":38},"end":{"line":23,"column":40}}]},"2":{"line":24,"type":"binary-expr","locations":[{"start":{"line":24,"column":16},"end":{"line":24,"column":37}},{"start":{"line":24,"column":41},"end":{"line":24,"column":43}}]}},"code":["const path = require('path');","const fs = require('fs');","const union = require('lodash').union;","const uniq = require('lodash').uniq;","const flatten = require('lodash').flatten;","","/**"," * Filter dependencies by name pattern"," * @param  {String} dependency Name of the dependency"," * @return {Boolean}           If dependency is a rnpm plugin"," */","const isPlugin = (dependency) => !!~dependency.indexOf('rnpm-plugin-');","","const findPluginInFolder = (folder) => {","  var pjson;","  try {","    pjson = require(path.join(folder, 'package.json'));","  } catch (e) {","    return [];","  }","","  const deps = union(","    Object.keys(pjson.dependencies || {}),","    Object.keys(pjson.devDependencies || {})","  );","","  return deps.filter(isPlugin);","};","","/**"," * Find plugins in package.json of the given folder"," * @param {String} folder Path to the folder to get the package.json from"," * @type  {Array}         Array of plugins or an empty array if no package.json found"," */","module.exports = function findPlugins(folders) {","  return uniq(flatten(folders.map(findPluginInFolder)));","};",""],"l":{"1":1,"2":1,"3":1,"4":1,"5":1,"12":1,"14":1,"15":0,"16":0,"17":0,"19":0,"22":0,"27":0,"35":1,"36":0}},"/home/travis/build/npmtest/node-npmtest-rnpm/node_modules/rnpm/src/makeCommand.js":{"path":"/home/travis/build/npmtest/node-npmtest-rnpm/node_modules/rnpm/src/makeCommand.js","s":{"1":1,"2":1,"3":0,"4":0,"5":0,"6":0,"7":0,"8":0,"9":0,"10":0,"11":0,"12":0},"b":{"1":[0,0],"2":[0,0]},"f":{"1":0,"2":0},"fnMap":{"1":{"name":"makeCommand","line":3,"loc":{"start":{"line":3,"column":17},"end":{"line":3,"column":47}}},"2":{"name":"prelink","line":17,"loc":{"start":{"line":17,"column":31},"end":{"line":17,"column":54}}}},"statementMap":{"1":{"start":{"line":1,"column":0},"end":{"line":1,"column":45}},"2":{"start":{"line":3,"column":0},"end":{"line":25,"column":2}},"3":{"start":{"line":4,"column":2},"end":{"line":24,"column":4}},"4":{"start":{"line":5,"column":4},"end":{"line":7,"column":5}},"5":{"start":{"line":6,"column":6},"end":{"line":6,"column":83}},"6":{"start":{"line":9,"column":4},"end":{"line":9,"column":36}},"7":{"start":{"line":10,"column":4},"end":{"line":10,"column":29}},"8":{"start":{"line":12,"column":4},"end":{"line":15,"column":7}},"9":{"start":{"line":17,"column":4},"end":{"line":23,"column":7}},"10":{"start":{"line":18,"column":6},"end":{"line":20,"column":7}},"11":{"start":{"line":19,"column":8},"end":{"line":19,"column":79}},"12":{"start":{"line":22,"column":6},"end":{"line":22,"column":11}}},"branchMap":{"1":{"line":5,"type":"if","locations":[{"start":{"line":5,"column":4},"end":{"line":5,"column":4}},{"start":{"line":5,"column":4},"end":{"line":5,"column":4}}]},"2":{"line":18,"type":"if","locations":[{"start":{"line":18,"column":6},"end":{"line":18,"column":6}},{"start":{"line":18,"column":6},"end":{"line":18,"column":6}}]}},"code":["const spawn = require('child_process').spawn;","","module.exports = function makeCommand(command) {","  return (cb) => {","    if (!cb) {","      throw new Error(`You missed a callback function for the ${command} command`);","    }","","    const args = command.split(' ');","    const cmd = args.shift();","","    const commandProcess = spawn(cmd, args, {","      stdio: 'inherit',","      stdin: 'inherit',","    });","","    commandProcess.on('close', function prelink(code) {","      if (code) {","        throw new Error(`Error occured during executing \"${command}\" command`);","      }","","      cb();","    });","  };","};",""],"l":{"1":1,"3":1,"4":0,"5":0,"6":0,"9":0,"10":0,"12":0,"17":0,"18":0,"19":0,"22":0}},"/home/travis/build/npmtest/node-npmtest-rnpm/node_modules/rnpm/src/config/findAssets.js":{"path":"/home/travis/build/npmtest/node-npmtest-rnpm/node_modules/rnpm/src/config/findAssets.js","s":{"1":1,"2":1,"3":1,"4":0,"5":1,"6":0,"7":0,"8":0},"b":{"1":[0,0]},"f":{"1":0},"fnMap":{"1":{"name":"findAssets","line":13,"loc":{"start":{"line":13,"column":17},"end":{"line":13,"column":53}}}},"statementMap":{"1":{"start":{"line":1,"column":0},"end":{"line":1,"column":29}},"2":{"start":{"line":2,"column":0},"end":{"line":2,"column":29}},"3":{"start":{"line":4,"column":0},"end":{"line":5,"column":54}},"4":{"start":{"line":5,"column":2},"end":{"line":5,"column":53}},"5":{"start":{"line":13,"column":0},"end":{"line":20,"column":2}},"6":{"start":{"line":14,"column":2},"end":{"line":19,"column":6}},"7":{"start":{"line":15,"column":25},"end":{"line":15,"column":56}},"8":{"start":{"line":17,"column":6},"end":{"line":17,"column":53}}},"branchMap":{"1":{"line":14,"type":"binary-expr","locations":[{"start":{"line":14,"column":10},"end":{"line":14,"column":16}},{"start":{"line":14,"column":20},"end":{"line":14,"column":22}}]}},"code":["const glob = require('glob');","const path = require('path');","","const findAssetsInFolder = (folder) =>","  glob.sync(path.join(folder, '**'), { nodir: true });","","/**"," * Given an array of assets folders, e.g. ['Fonts', 'Images'],"," * it globs in them to find all files that can be copied."," *"," * It returns an array of absolute paths to files found."," */","module.exports = function findAssets(folder, assets) {","  return (assets || [])","    .map(assetsFolder => path.join(folder, assetsFolder))","    .reduce((assets, assetsFolder) =>","      assets.concat(findAssetsInFolder(assetsFolder)),","      []","    );","};",""],"l":{"1":1,"2":1,"4":1,"5":0,"13":1,"14":0,"15":0,"17":0}},"/home/travis/build/npmtest/node-npmtest-rnpm/node_modules/rnpm/src/config/index.js":{"path":"/home/travis/build/npmtest/node-npmtest-rnpm/node_modules/rnpm/src/config/index.js","s":{"1":1,"2":1,"3":1,"4":1,"5":1,"6":1,"7":0,"8":1,"9":0,"10":0,"11":0,"12":1,"13":0,"14":0,"15":0,"16":0,"17":0,"18":0},"b":{"1":[0,0],"2":[0,0],"3":[0,0],"4":[0,0],"5":[0,0],"6":[0,0]},"f":{"1":0,"2":0},"fnMap":{"1":{"name":"getProjectConfig","line":15,"loc":{"start":{"line":15,"column":27},"end":{"line":15,"column":55}}},"2":{"name":"getDependencyConfig","line":31,"loc":{"start":{"line":31,"column":30},"end":{"line":31,"column":72}}}},"statementMap":{"1":{"start":{"line":1,"column":0},"end":{"line":1,"column":29}},"2":{"start":{"line":3,"column":0},"end":{"line":3,"column":37}},"3":{"start":{"line":4,"column":0},"end":{"line":4,"column":29}},"4":{"start":{"line":5,"column":0},"end":{"line":5,"column":43}},"5":{"start":{"line":6,"column":0},"end":{"line":6,"column":47}},"6":{"start":{"line":8,"column":0},"end":{"line":9,"column":58}},"7":{"start":{"line":9,"column":2},"end":{"line":9,"column":57}},"8":{"start":{"line":15,"column":0},"end":{"line":24,"column":2}},"9":{"start":{"line":16,"column":2},"end":{"line":16,"column":31}},"10":{"start":{"line":17,"column":2},"end":{"line":17,"column":37}},"11":{"start":{"line":19,"column":2},"end":{"line":23,"column":5}},"12":{"start":{"line":31,"column":0},"end":{"line":49,"column":2}},"13":{"start":{"line":32,"column":2},"end":{"line":32,"column":71}},"14":{"start":{"line":33,"column":2},"end":{"line":33,"column":11}},"15":{"start":{"line":36,"column":2},"end":{"line":40,"column":3}},"16":{"start":{"line":37,"column":4},"end":{"line":37,"column":33}},"17":{"start":{"line":39,"column":4},"end":{"line":39,"column":14}},"18":{"start":{"line":42,"column":2},"end":{"line":48,"column":5}}},"branchMap":{"1":{"line":9,"type":"binary-expr","locations":[{"start":{"line":9,"column":2},"end":{"line":9,"column":51}},{"start":{"line":9,"column":55},"end":{"line":9,"column":57}}]},"2":{"line":20,"type":"binary-expr","locations":[{"start":{"line":20,"column":35},"end":{"line":20,"column":43}},{"start":{"line":20,"column":47},"end":{"line":20,"column":49}}]},"3":{"line":21,"type":"binary-expr","locations":[{"start":{"line":21,"column":43},"end":{"line":21,"column":55}},{"start":{"line":21,"column":59},"end":{"line":21,"column":61}}]},"4":{"line":43,"type":"binary-expr","locations":[{"start":{"line":43,"column":38},"end":{"line":43,"column":46}},{"start":{"line":43,"column":50},"end":{"line":43,"column":52}}]},"5":{"line":44,"type":"binary-expr","locations":[{"start":{"line":44,"column":46},"end":{"line":44,"column":58}},{"start":{"line":44,"column":62},"end":{"line":44,"column":64}}]},"6":{"line":47,"type":"binary-expr","locations":[{"start":{"line":47,"column":12},"end":{"line":47,"column":23}},{"start":{"line":47,"column":27},"end":{"line":47,"column":29}}]}},"code":["const path = require('path');","","const android = require('./android');","const ios = require('./ios');","const findAssets = require('./findAssets');","const wrapCommands = require('./wrapCommands');","","const getRNPMConfig = (folder) =>","  require(path.join(folder, './package.json')).rnpm || {};","","/**"," * Returns project config from the current working directory"," * @return {Object}"," */","exports.getProjectConfig = function getProjectConfig() {","  const folder = process.cwd();","  const rnpm = getRNPMConfig(folder);","","  return Object.assign({}, rnpm, {","    ios: ios.projectConfig(folder, rnpm.ios || {}),","    android: android.projectConfig(folder, rnpm.android || {}),","    assets: findAssets(folder, rnpm.assets),","  });","};","","/**"," * Returns a dependency config from node_modules/<package_name>"," * @param {String} packageName Dependency name"," * @return {Object}"," */","exports.getDependencyConfig = function getDependencyConfig(packageName) {","  const folder = path.join(process.cwd(), 'node_modules', packageName);","  var rnpm;","","  // Will throw when package.json is not present in a nested folder","  try {","    rnpm = getRNPMConfig(folder);","  } catch (err) {","    rnpm = {};","  }","","  return Object.assign({}, rnpm, {","    ios: ios.dependencyConfig(folder, rnpm.ios || {}),","    android: android.dependencyConfig(folder, rnpm.android || {}),","    assets: findAssets(folder, rnpm.assets),","    commands: wrapCommands(rnpm.commands),","    params: rnpm.params || [],","  });","};",""],"l":{"1":1,"3":1,"4":1,"5":1,"6":1,"8":1,"9":0,"15":1,"16":0,"17":0,"19":0,"31":1,"32":0,"33":0,"36":0,"37":0,"39":0,"42":0}},"/home/travis/build/npmtest/node-npmtest-rnpm/node_modules/rnpm/src/config/android/index.js":{"path":"/home/travis/build/npmtest/node-npmtest-rnpm/node_modules/rnpm/src/config/android/index.js","s":{"1":1,"2":1,"3":1,"4":1,"5":1,"6":1,"7":1,"8":1,"9":0,"10":1,"11":0,"12":0,"13":0,"14":0,"15":0,"16":0,"17":0,"18":0,"19":0,"20":0,"21":0,"22":0,"23":0,"24":0,"25":0,"26":0,"27":0,"28":1,"29":0,"30":0,"31":0,"32":0,"33":0,"34":0,"35":0,"36":0,"37":0,"38":0,"39":0,"40":0,"41":0,"42":0,"43":0},"b":{"1":[0,0],"2":[0,0],"3":[0,0],"4":[0,0],"5":[0,0],"6":[0,0],"7":[0,0],"8":[0,0],"9":[0,0],"10":[0,0],"11":[0,0],"12":[0,0],"13":[0,0],"14":[0,0],"15":[0,0],"16":[0,0],"17":[0,0]},"f":{"1":0,"2":0},"fnMap":{"1":{"name":"projectConfigAndroid","line":15,"loc":{"start":{"line":15,"column":24},"end":{"line":15,"column":74}}},"2":{"name":"dependencyConfigAndroid","line":79,"loc":{"start":{"line":79,"column":27},"end":{"line":79,"column":80}}}},"statementMap":{"1":{"start":{"line":1,"column":0},"end":{"line":1,"column":29}},"2":{"start":{"line":2,"column":0},"end":{"line":2,"column":25}},"3":{"start":{"line":3,"column":0},"end":{"line":3,"column":29}},"4":{"start":{"line":4,"column":0},"end":{"line":4,"column":63}},"5":{"start":{"line":5,"column":0},"end":{"line":5,"column":47}},"6":{"start":{"line":6,"column":0},"end":{"line":6,"column":47}},"7":{"start":{"line":7,"column":0},"end":{"line":7,"column":63}},"8":{"start":{"line":9,"column":0},"end":{"line":9,"column":59}},"9":{"start":{"line":9,"column":37},"end":{"line":9,"column":58}},"10":{"start":{"line":15,"column":0},"end":{"line":73,"column":2}},"11":{"start":{"line":16,"column":2},"end":{"line":16,"column":67}},"12":{"start":{"line":18,"column":2},"end":{"line":20,"column":3}},"13":{"start":{"line":19,"column":4},"end":{"line":19,"column":16}},"14":{"start":{"line":22,"column":2},"end":{"line":22,"column":43}},"15":{"start":{"line":23,"column":2},"end":{"line":23,"column":49}},"16":{"start":{"line":24,"column":2},"end":{"line":24,"column":47}},"17":{"start":{"line":26,"column":2},"end":{"line":28,"column":3}},"18":{"start":{"line":27,"column":4},"end":{"line":27,"column":16}},"19":{"start":{"line":30,"column":2},"end":{"line":30,"column":46}},"20":{"start":{"line":32,"column":2},"end":{"line":32,"column":73}},"21":{"start":{"line":33,"column":2},"end":{"line":34,"column":41}},"22":{"start":{"line":36,"column":2},"end":{"line":39,"column":4}},"23":{"start":{"line":41,"column":2},"end":{"line":44,"column":4}},"24":{"start":{"line":46,"column":2},"end":{"line":50,"column":4}},"25":{"start":{"line":52,"column":2},"end":{"line":55,"column":4}},"26":{"start":{"line":57,"column":2},"end":{"line":60,"column":4}},"27":{"start":{"line":62,"column":2},"end":{"line":72,"column":4}},"28":{"start":{"line":79,"column":0},"end":{"line":111,"column":2}},"29":{"start":{"line":80,"column":2},"end":{"line":80,"column":67}},"30":{"start":{"line":82,"column":2},"end":{"line":84,"column":3}},"31":{"start":{"line":83,"column":4},"end":{"line":83,"column":16}},"32":{"start":{"line":86,"column":2},"end":{"line":86,"column":43}},"33":{"start":{"line":87,"column":2},"end":{"line":87,"column":47}},"34":{"start":{"line":89,"column":2},"end":{"line":91,"column":3}},"35":{"start":{"line":90,"column":4},"end":{"line":90,"column":16}},"36":{"start":{"line":93,"column":2},"end":{"line":93,"column":46}},"37":{"start":{"line":94,"column":2},"end":{"line":94,"column":73}},"38":{"start":{"line":95,"column":2},"end":{"line":95,"column":59}},"39":{"start":{"line":100,"column":2},"end":{"line":102,"column":3}},"40":{"start":{"line":101,"column":4},"end":{"line":101,"column":16}},"41":{"start":{"line":104,"column":2},"end":{"line":105,"column":49}},"42":{"start":{"line":107,"column":2},"end":{"line":108,"column":32}},"43":{"start":{"line":110,"column":2},"end":{"line":110,"column":77}}},"branchMap":{"1":{"line":16,"type":"binary-expr","locations":[{"start":{"line":16,"column":14},"end":{"line":16,"column":34}},{"start":{"line":16,"column":38},"end":{"line":16,"column":66}}]},"2":{"line":18,"type":"if","locations":[{"start":{"line":18,"column":2},"end":{"line":18,"column":2}},{"start":{"line":18,"column":2},"end":{"line":18,"column":2}}]},"3":{"line":26,"type":"if","locations":[{"start":{"line":26,"column":2},"end":{"line":26,"column":2}},{"start":{"line":26,"column":2},"end":{"line":26,"column":2}}]},"4":{"line":32,"type":"binary-expr","locations":[{"start":{"line":32,"column":22},"end":{"line":32,"column":44}},{"start":{"line":32,"column":48},"end":{"line":32,"column":72}}]},"5":{"line":33,"type":"binary-expr","locations":[{"start":{"line":33,"column":24},"end":{"line":33,"column":48}},{"start":{"line":34,"column":4},"end":{"line":34,"column":40}}]},"6":{"line":38,"type":"binary-expr","locations":[{"start":{"line":38,"column":4},"end":{"line":38,"column":31}},{"start":{"line":38,"column":35},"end":{"line":38,"column":85}}]},"7":{"line":43,"type":"binary-expr","locations":[{"start":{"line":43,"column":4},"end":{"line":43,"column":26}},{"start":{"line":43,"column":30},"end":{"line":43,"column":63}}]},"8":{"line":49,"type":"binary-expr","locations":[{"start":{"line":49,"column":4},"end":{"line":49,"column":33}},{"start":{"line":49,"column":37},"end":{"line":49,"column":54}}]},"9":{"line":54,"type":"binary-expr","locations":[{"start":{"line":54,"column":4},"end":{"line":54,"column":25}},{"start":{"line":54,"column":29},"end":{"line":54,"column":46}}]},"10":{"line":59,"type":"binary-expr","locations":[{"start":{"line":59,"column":4},"end":{"line":59,"column":30}},{"start":{"line":59,"column":34},"end":{"line":59,"column":48}}]},"11":{"line":80,"type":"binary-expr","locations":[{"start":{"line":80,"column":14},"end":{"line":80,"column":34}},{"start":{"line":80,"column":38},"end":{"line":80,"column":66}}]},"12":{"line":82,"type":"if","locations":[{"start":{"line":82,"column":2},"end":{"line":82,"column":2}},{"start":{"line":82,"column":2},"end":{"line":82,"column":2}}]},"13":{"line":89,"type":"if","locations":[{"start":{"line":89,"column":2},"end":{"line":89,"column":2}},{"start":{"line":89,"column":2},"end":{"line":89,"column":2}}]},"14":{"line":94,"type":"binary-expr","locations":[{"start":{"line":94,"column":22},"end":{"line":94,"column":44}},{"start":{"line":94,"column":48},"end":{"line":94,"column":72}}]},"15":{"line":100,"type":"if","locations":[{"start":{"line":100,"column":2},"end":{"line":100,"column":2}},{"start":{"line":100,"column":2},"end":{"line":100,"column":2}}]},"16":{"line":104,"type":"binary-expr","locations":[{"start":{"line":104,"column":28},"end":{"line":104,"column":56}},{"start":{"line":105,"column":4},"end":{"line":105,"column":48}}]},"17":{"line":107,"type":"binary-expr","locations":[{"start":{"line":107,"column":26},"end":{"line":107,"column":52}},{"start":{"line":108,"column":4},"end":{"line":108,"column":31}}]}},"code":["const path = require('path');","const fs = require('fs');","const glob = require('glob');","const findAndroidAppFolder = require('./findAndroidAppFolder');","const findManifest = require('./findManifest');","const readManifest = require('./readManifest');","const findPackageClassName = require('./findPackageClassName');","","const getPackageName = (manifest) => manifest.attr.package;","","/**"," * Gets android project config by analyzing given folder and taking some"," * defaults specified by user into consideration"," */","exports.projectConfig = function projectConfigAndroid(folder, userConfig) {","  const src = userConfig.sourceDir || findAndroidAppFolder(folder);","","  if (!src) {","    return null;","  }","","  const sourceDir = path.join(folder, src);","  const isFlat = sourceDir.indexOf('app') === -1;","  const manifestPath = findManifest(sourceDir);","","  if (!manifestPath) {","    return null;","  }","","  const manifest = readManifest(manifestPath);","","  const packageName = userConfig.packageName || getPackageName(manifest);","  const packageFolder = userConfig.packageFolder ||","    packageName.replace(/\\./g, path.sep);","","  const mainActivityPath = path.join(","    sourceDir,","    userConfig.mainActivityPath || `src/main/java/${packageFolder}/MainActivity.java`","  );","","  const stringsPath = path.join(","    sourceDir,","    userConfig.stringsPath || 'src/main/res/values/strings.xml'","  );","","  const settingsGradlePath = path.join(","    folder,","    'android',","    userConfig.settingsGradlePath || 'settings.gradle'","  );","","  const assetsPath = path.join(","    sourceDir,","    userConfig.assetsPath || 'src/main/assets'","  );","","  const buildGradlePath = path.join(","    sourceDir,","    userConfig.buildGradlePath || 'build.gradle'","  );","","  return {","    sourceDir,","    isFlat,","    folder,","    stringsPath,","    manifestPath,","    buildGradlePath,","    settingsGradlePath,","    assetsPath,","    mainActivityPath,","  };","};","","/**"," * Same as projectConfigAndroid except it returns"," * different config that applies to packages only"," */","exports.dependencyConfig = function dependencyConfigAndroid(folder, userConfig) {","  const src = userConfig.sourceDir || findAndroidAppFolder(folder);","","  if (!src) {","    return null;","  }","","  const sourceDir = path.join(folder, src);","  const manifestPath = findManifest(sourceDir);","","  if (!manifestPath) {","    return null;","  }","","  const manifest = readManifest(manifestPath);","  const packageName = userConfig.packageName || getPackageName(manifest);","  const packageClassName = findPackageClassName(sourceDir);","","  /**","   * This module has no package to export","   */","  if (!packageClassName) {","    return null;","  }","","  const packageImportPath = userConfig.packageImportPath ||","    `import ${packageName}.${packageClassName};`;","","  const packageInstance = userConfig.packageInstance ||","    `new ${packageClassName}()`;","","  return { sourceDir, folder, manifest, packageImportPath, packageInstance };","};",""],"l":{"1":1,"2":1,"3":1,"4":1,"5":1,"6":1,"7":1,"9":1,"15":1,"16":0,"18":0,"19":0,"22":0,"23":0,"24":0,"26":0,"27":0,"30":0,"32":0,"33":0,"36":0,"41":0,"46":0,"52":0,"57":0,"62":0,"79":1,"80":0,"82":0,"83":0,"86":0,"87":0,"89":0,"90":0,"93":0,"94":0,"95":0,"100":0,"101":0,"104":0,"107":0,"110":0}},"/home/travis/build/npmtest/node-npmtest-rnpm/node_modules/rnpm/src/config/android/findAndroidAppFolder.js":{"path":"/home/travis/build/npmtest/node-npmtest-rnpm/node_modules/rnpm/src/config/android/findAndroidAppFolder.js","s":{"1":1,"2":1,"3":1,"4":0,"5":0,"6":0,"7":0,"8":0,"9":0,"10":0},"b":{"1":[0,0],"2":[0,0]},"f":{"1":0},"fnMap":{"1":{"name":"findAndroidAppFolder","line":8,"loc":{"start":{"line":8,"column":17},"end":{"line":8,"column":55}}}},"statementMap":{"1":{"start":{"line":1,"column":0},"end":{"line":1,"column":25}},"2":{"start":{"line":2,"column":0},"end":{"line":2,"column":29}},"3":{"start":{"line":8,"column":0},"end":{"line":21,"column":2}},"4":{"start":{"line":9,"column":2},"end":{"line":9,"column":25}},"5":{"start":{"line":10,"column":2},"end":{"line":10,"column":45}},"6":{"start":{"line":12,"column":2},"end":{"line":14,"column":3}},"7":{"start":{"line":13,"column":4},"end":{"line":13,"column":18}},"8":{"start":{"line":16,"column":2},"end":{"line":18,"column":3}},"9":{"start":{"line":17,"column":4},"end":{"line":17,"column":16}},"10":{"start":{"line":20,"column":2},"end":{"line":20,"column":14}}},"branchMap":{"1":{"line":12,"type":"if","locations":[{"start":{"line":12,"column":2},"end":{"line":12,"column":2}},{"start":{"line":12,"column":2},"end":{"line":12,"column":2}}]},"2":{"line":16,"type":"if","locations":[{"start":{"line":16,"column":2},"end":{"line":16,"column":2}},{"start":{"line":16,"column":2},"end":{"line":16,"column":2}}]}},"code":["const fs = require('fs');","const path = require('path');","","/**"," * @param  {String} folder Folder to seek in"," * @return {String}"," */","module.exports = function findAndroidAppFolder(folder) {","  const flat = 'android';","  const nested = path.join('android', 'app');","","  if (fs.existsSync(path.join(folder, nested))) {","    return nested;","  }","","  if (fs.existsSync(path.join(folder, flat))) {","    return flat;","  }","","  return null;","};",""],"l":{"1":1,"2":1,"8":1,"9":0,"10":0,"12":0,"13":0,"16":0,"17":0,"20":0}},"/home/travis/build/npmtest/node-npmtest-rnpm/node_modules/rnpm/src/config/android/findManifest.js":{"path":"/home/travis/build/npmtest/node-npmtest-rnpm/node_modules/rnpm/src/config/android/findManifest.js","s":{"1":1,"2":1,"3":1,"4":0,"5":0},"b":{"1":[0,0]},"f":{"1":0},"fnMap":{"1":{"name":"findManifest","line":10,"loc":{"start":{"line":10,"column":17},"end":{"line":10,"column":47}}}},"statementMap":{"1":{"start":{"line":1,"column":0},"end":{"line":1,"column":29}},"2":{"start":{"line":2,"column":0},"end":{"line":2,"column":29}},"3":{"start":{"line":10,"column":0},"end":{"line":17,"column":2}},"4":{"start":{"line":11,"column":2},"end":{"line":14,"column":8}},"5":{"start":{"line":16,"column":2},"end":{"line":16,"column":63}}},"branchMap":{"1":{"line":16,"type":"cond-expr","locations":[{"start":{"line":16,"column":24},"end":{"line":16,"column":55}},{"start":{"line":16,"column":58},"end":{"line":16,"column":62}}]}},"code":["const glob = require('glob');","const path = require('path');","","/**"," * Find an android application path in the folder"," *"," * @param {String} folder Name of the folder where to seek"," * @return {String}"," */","module.exports = function findManifest(folder) {","  const manifestPath = glob.sync(path.join('**', 'AndroidManifest.xml'), {","    cwd: folder,","    ignore: ['node_modules/**', '**/build/**', 'Examples/**', 'examples/**'],","  })[0];","","  return manifestPath ? path.join(folder, manifestPath) : null;","};",""],"l":{"1":1,"2":1,"10":1,"11":0,"16":0}},"/home/travis/build/npmtest/node-npmtest-rnpm/node_modules/rnpm/src/config/android/readManifest.js":{"path":"/home/travis/build/npmtest/node-npmtest-rnpm/node_modules/rnpm/src/config/android/readManifest.js","s":{"1":1,"2":1,"3":1,"4":0},"b":{},"f":{"1":0},"fnMap":{"1":{"name":"readManifest","line":8,"loc":{"start":{"line":8,"column":17},"end":{"line":8,"column":53}}}},"statementMap":{"1":{"start":{"line":1,"column":0},"end":{"line":1,"column":25}},"2":{"start":{"line":2,"column":0},"end":{"line":2,"column":30}},"3":{"start":{"line":8,"column":0},"end":{"line":10,"column":2}},"4":{"start":{"line":9,"column":2},"end":{"line":9,"column":68}}},"branchMap":{},"code":["const fs = require('fs');","const xml = require('xmldoc');","","/**"," * @param  {String} manifestPath"," * @return {XMLDocument} Parsed manifest's content"," */","module.exports = function readManifest(manifestPath) {","  return new xml.XmlDocument(fs.readFileSync(manifestPath, 'utf8'));","};",""],"l":{"1":1,"2":1,"8":1,"9":0}},"/home/travis/build/npmtest/node-npmtest-rnpm/node_modules/rnpm/src/config/android/findPackageClassName.js":{"path":"/home/travis/build/npmtest/node-npmtest-rnpm/node_modules/rnpm/src/config/android/findPackageClassName.js","s":{"1":1,"2":1,"3":1,"4":1,"5":0,"6":0,"7":0,"8":0,"9":0,"10":0},"b":{"1":[0,0]},"f":{"1":0},"fnMap":{"1":{"name":"getPackageClassName","line":11,"loc":{"start":{"line":11,"column":17},"end":{"line":11,"column":54}}}},"statementMap":{"1":{"start":{"line":1,"column":0},"end":{"line":1,"column":25}},"2":{"start":{"line":2,"column":0},"end":{"line":2,"column":29}},"3":{"start":{"line":3,"column":0},"end":{"line":3,"column":29}},"4":{"start":{"line":11,"column":0},"end":{"line":20,"column":2}},"5":{"start":{"line":12,"column":2},"end":{"line":12,"column":56}},"6":{"start":{"line":14,"column":2},"end":{"line":17,"column":28}},"7":{"start":{"line":15,"column":21},"end":{"line":15,"column":73}},"8":{"start":{"line":16,"column":17},"end":{"line":16,"column":65}},"9":{"start":{"line":17,"column":21},"end":{"line":17,"column":26}},"10":{"start":{"line":19,"column":2},"end":{"line":19,"column":49}}},"branchMap":{"1":{"line":19,"type":"cond-expr","locations":[{"start":{"line":19,"column":27},"end":{"line":19,"column":41}},{"start":{"line":19,"column":44},"end":{"line":19,"column":48}}]}},"code":["const fs = require('fs');","const path = require('path');","const glob = require('glob');","","/**"," * Gets package's class name (class that implements ReactPackage)"," * by searching for its declaration in all Java files present in the folder"," *"," * @param {String} folder Folder to find java files"," */","module.exports = function getPackageClassName(folder) {","  const files = glob.sync('**/*.java', { cwd: folder });","","  const packages = files","    .map(filePath => fs.readFileSync(path.join(folder, filePath), 'utf8'))","    .map(file => file.match(/class (.*) implements ReactPackage/))","    .filter(match => match);","","  return packages.length ? packages[0][1] : null;","};",""],"l":{"1":1,"2":1,"3":1,"11":1,"12":0,"14":0,"15":0,"16":0,"17":0,"19":0}},"/home/travis/build/npmtest/node-npmtest-rnpm/node_modules/rnpm/src/config/ios/index.js":{"path":"/home/travis/build/npmtest/node-npmtest-rnpm/node_modules/rnpm/src/config/ios/index.js","s":{"1":1,"2":1,"3":1,"4":0,"5":0,"6":0,"7":0,"8":1,"9":0,"10":0,"11":0,"12":0,"13":0,"14":1},"b":{"1":[0,0],"2":[0,0],"3":[0,0],"4":[0,0],"5":[0,0],"6":[0,0],"7":[0,0]},"f":{"1":0},"fnMap":{"1":{"name":"projectConfigIOS","line":21,"loc":{"start":{"line":21,"column":24},"end":{"line":21,"column":70}}}},"statementMap":{"1":{"start":{"line":1,"column":0},"end":{"line":1,"column":29}},"2":{"start":{"line":2,"column":0},"end":{"line":2,"column":45}},"3":{"start":{"line":8,"column":0},"end":{"line":15,"column":2}},"4":{"start":{"line":9,"column":2},"end":{"line":14,"column":5}},"5":{"start":{"line":10,"column":4},"end":{"line":12,"column":5}},"6":{"start":{"line":11,"column":6},"end":{"line":11,"column":18}},"7":{"start":{"line":13,"column":4},"end":{"line":13,"column":70}},"8":{"start":{"line":21,"column":0},"end":{"line":43,"column":2}},"9":{"start":{"line":22,"column":2},"end":{"line":22,"column":60}},"10":{"start":{"line":27,"column":2},"end":{"line":29,"column":3}},"11":{"start":{"line":28,"column":4},"end":{"line":28,"column":16}},"12":{"start":{"line":31,"column":2},"end":{"line":31,"column":49}},"13":{"start":{"line":33,"column":2},"end":{"line":42,"column":4}},"14":{"start":{"line":45,"column":0},"end":{"line":45,"column":49}}},"branchMap":{"1":{"line":10,"type":"if","locations":[{"start":{"line":10,"column":4},"end":{"line":10,"column":4}},{"start":{"line":10,"column":4},"end":{"line":10,"column":4}}]},"2":{"line":13,"type":"cond-expr","locations":[{"start":{"line":13,"column":47},"end":{"line":13,"column":53}},{"start":{"line":13,"column":56},"end":{"line":13,"column":68}}]},"3":{"line":22,"type":"binary-expr","locations":[{"start":{"line":22,"column":18},"end":{"line":22,"column":36}},{"start":{"line":22,"column":40},"end":{"line":22,"column":59}}]},"4":{"line":27,"type":"if","locations":[{"start":{"line":27,"column":2},"end":{"line":27,"column":2}},{"start":{"line":27,"column":2},"end":{"line":27,"column":2}}]},"5":{"line":39,"type":"binary-expr","locations":[{"start":{"line":39,"column":19},"end":{"line":39,"column":43}},{"start":{"line":39,"column":47},"end":{"line":39,"column":58}}]},"6":{"line":40,"type":"binary-expr","locations":[{"start":{"line":40,"column":39},"end":{"line":40,"column":65}},{"start":{"line":40,"column":69},"end":{"line":40,"column":71}}]},"7":{"line":41,"type":"binary-expr","locations":[{"start":{"line":41,"column":11},"end":{"line":41,"column":27}},{"start":{"line":41,"column":31},"end":{"line":41,"column":33}}]}},"code":["const path = require('path');","const findProject = require('./findProject');","","/**"," * For libraries specified without an extension, add '.tbd' for those that"," * start with 'lib' and '.framework' to the rest."," */","const mapSharedLibaries = (libraries) => {","  return libraries.map(name => {","    if (path.extname(name)) {","      return name;","    }","    return name + (name.indexOf('lib') === 0 ? '.tbd' : '.framework');","  });","};","","/**"," * Returns project config by analyzing given folder and applying some user defaults"," * when constructing final object"," */","exports.projectConfig = function projectConfigIOS(folder, userConfig) {","  const project = userConfig.project || findProject(folder);","","  /**","   * No iOS config found here","   */","  if (!project) {","    return null;","  }","","  const projectPath = path.join(folder, project);","","  return {","    sourceDir: path.dirname(projectPath),","    folder: folder,","    pbxprojPath: path.join(projectPath, 'project.pbxproj'),","    projectPath: projectPath,","    projectName: path.basename(projectPath),","    libraryFolder: userConfig.libraryFolder || 'Libraries',","    sharedLibraries: mapSharedLibaries(userConfig.sharedLibraries || []),","    plist: userConfig.plist || [],","  };","};","","exports.dependencyConfig = exports.projectConfig;",""],"l":{"1":1,"2":1,"8":1,"9":0,"10":0,"11":0,"13":0,"21":1,"22":0,"27":0,"28":0,"31":0,"33":0,"45":1}},"/home/travis/build/npmtest/node-npmtest-rnpm/node_modules/rnpm/src/config/ios/findProject.js":{"path":"/home/travis/build/npmtest/node-npmtest-rnpm/node_modules/rnpm/src/config/ios/findProject.js","s":{"1":1,"2":1,"3":1,"4":1,"5":1,"6":1,"7":1,"8":0,"9":0,"10":0,"11":0,"12":0},"b":{"1":[0,0],"2":[0,0]},"f":{"1":0},"fnMap":{"1":{"name":"findProject","line":32,"loc":{"start":{"line":32,"column":17},"end":{"line":32,"column":46}}}},"statementMap":{"1":{"start":{"line":1,"column":0},"end":{"line":1,"column":29}},"2":{"start":{"line":2,"column":0},"end":{"line":2,"column":29}},"3":{"start":{"line":7,"column":0},"end":{"line":7,"column":38}},"4":{"start":{"line":12,"column":0},"end":{"line":12,"column":45}},"5":{"start":{"line":17,"column":0},"end":{"line":17,"column":23}},"6":{"start":{"line":22,"column":0},"end":{"line":22,"column":60}},"7":{"start":{"line":32,"column":0},"end":{"line":47,"column":2}},"8":{"start":{"line":33,"column":2},"end":{"line":40,"column":7}},"9":{"start":{"line":39,"column":6},"end":{"line":39,"column":80}},"10":{"start":{"line":42,"column":2},"end":{"line":44,"column":3}},"11":{"start":{"line":43,"column":4},"end":{"line":43,"column":16}},"12":{"start":{"line":46,"column":2},"end":{"line":46,"column":21}}},"branchMap":{"1":{"line":39,"type":"binary-expr","locations":[{"start":{"line":39,"column":13},"end":{"line":39,"column":47}},{"start":{"line":39,"column":51},"end":{"line":39,"column":79}}]},"2":{"line":42,"type":"if","locations":[{"start":{"line":42,"column":2},"end":{"line":42,"column":2}},{"start":{"line":42,"column":2},"end":{"line":42,"column":2}}]}},"code":["const glob = require('glob');","const path = require('path');","","/**"," * Glob pattern to look for xcodeproj"," */","const GLOB_PATTERN = '**/*.xcodeproj';","","/**"," * Regexp matching all test projects"," */","const TEST_PROJECTS = /test|example|sample/i;","","/**"," * Base iOS folder"," */","const IOS_BASE = 'ios';","","/**"," * These folders will be excluded from search to speed it up"," */","const GLOB_EXCLUDE_PATTERN = ['**/@(Pods|node_modules)/**'];","","/**"," * Finds iOS project by looking for all .xcodeproj files"," * in given folder."," *"," * Returns first match if files are found or null"," *"," * Note: `./ios/*.xcodeproj` are returned regardless of the name"," */","module.exports = function findProject(folder) {","  const projects = glob","    .sync(GLOB_PATTERN, {","      cwd: folder,","      ignore: GLOB_EXCLUDE_PATTERN,","    })","    .filter(project => {","      return path.dirname(project) === IOS_BASE || !TEST_PROJECTS.test(project);","    });","","  if (projects.length === 0) {","    return null;","  }","","  return projects[0];","};",""],"l":{"1":1,"2":1,"7":1,"12":1,"17":1,"22":1,"32":1,"33":0,"39":0,"42":0,"43":0,"46":0}},"/home/travis/build/npmtest/node-npmtest-rnpm/node_modules/rnpm/src/config/wrapCommands.js":{"path":"/home/travis/build/npmtest/node-npmtest-rnpm/node_modules/rnpm/src/config/wrapCommands.js","s":{"1":1,"2":1,"3":0,"4":0,"5":0,"6":0},"b":{"1":[0,0]},"f":{"1":0},"fnMap":{"1":{"name":"wrapCommands","line":3,"loc":{"start":{"line":3,"column":17},"end":{"line":3,"column":49}}}},"statementMap":{"1":{"start":{"line":1,"column":0},"end":{"line":1,"column":46}},"2":{"start":{"line":3,"column":0},"end":{"line":9,"column":2}},"3":{"start":{"line":4,"column":2},"end":{"line":4,"column":28}},"4":{"start":{"line":5,"column":2},"end":{"line":7,"column":4}},"5":{"start":{"line":6,"column":4},"end":{"line":6,"column":48}},"6":{"start":{"line":8,"column":2},"end":{"line":8,"column":24}}},"branchMap":{"1":{"line":5,"type":"binary-expr","locations":[{"start":{"line":5,"column":14},"end":{"line":5,"column":22}},{"start":{"line":5,"column":26},"end":{"line":5,"column":28}}]}},"code":["const makeCommand = require('../makeCommand');","","module.exports = function wrapCommands(commands) {","  const mappedCommands = {};","  Object.keys(commands || []).forEach((k) =>","    mappedCommands[k] = makeCommand(commands[k])","  );","  return mappedCommands;","};",""],"l":{"1":1,"3":1,"4":0,"5":0,"6":0,"8":0}}}